2016-06-12 16:43:24,570 [qtp1372082959-21] [          ] ERROR restx.RestxMainRouterFactory - [RESTX REQUEST] GET /convertToRoman ? arabic=1 - Exception when using factory to load router: 
  QueryByName{name=Name{name='RestxRouting', clazz=restx.RestxRouting[AppClassLoader]}}
    |       \__=> Name{name='RestxRouting', clazz=restx.RestxRouting[AppClassLoader]}
    |
    +-> QueryByClass{componentClass=restx.RestxRouter[AppClassLoader]}
      |       \__=> Name{name='HelloResourceRouter', clazz=romanconverter.rest.HelloResourceRouter[HotCompile[2]]}
      |
      +-> QueryByClass{componentClass=romanconverter.rest.HelloResource[HotCompile[2]]}
        |       \__=> Name{name='HelloResource', clazz=romanconverter.rest.HelloResource[HotCompile[2]]}
        |
        +-> QueryByClass{componentClass=romanconverter.service.RomanConverterService[HotCompile[2]]}
              |
              +--: component satisfying QueryByClass{componentClass=romanconverter.service.RomanConverterService[HotCompile[2]]} not found.

Pro Tip: Set HTTP Header RestxDebug to have a dump of the factory in your logs when you get this error.
2016-06-12 16:43:24,582 [qtp1372082959-21] [          ] ERROR restx.RestxMainRouterFactory - Error when loading Factory to process your request.
One or more dependency injections can be sastifed.

  
    QueryByName{name=Name{name='RestxRouting', clazz=restx.RestxRouting[AppClassLoader]}}
      |       \__=> Name{name='RestxRouting', clazz=restx.RestxRouting[AppClassLoader]}
      |
      +-> QueryByClass{componentClass=restx.RestxRouter[AppClassLoader]}
        |       \__=> Name{name='HelloResourceRouter', clazz=romanconverter.rest.HelloResourceRouter[HotCompile[2]]}
        |
        +-> QueryByClass{componentClass=romanconverter.rest.HelloResource[HotCompile[2]]}
          |       \__=> Name{name='HelloResource', clazz=romanconverter.rest.HelloResource[HotCompile[2]]}
          |
          +-> QueryByClass{componentClass=romanconverter.service.RomanConverterService[HotCompile[2]]}
                |
                +--: component satisfying QueryByClass{componentClass=romanconverter.service.RomanConverterService[HotCompile[2]]} not found.

